<?xml version="1.0" encoding="UTF-8"?>
<testng-results ignored="0" total="2" passed="2" failed="0" skipped="0">
  <reporter-output>
  </reporter-output>
  <suite started-at="2024-05-03T00:58:08 IST" name="Surefire suite" finished-at="2024-05-03T00:58:41 IST" duration-ms="33245">
    <groups>
    </groups>
    <test started-at="2024-05-03T00:58:08 IST" name="Surefire test" finished-at="2024-05-03T00:58:41 IST" duration-ms="33245">
      <class name="mavendemo.TestNGExample">
        <test-method signature="basicOfTestNG()[pri:0, instance:mavendemo.TestNGExample@2aa3cd93]" started-at="2024-05-03T00:58:08 IST" name="basicOfTestNG" finished-at="2024-05-03T00:58:29 IST" duration-ms="20773" status="PASS">
          <reporter-output>
          </reporter-output>
        </test-method> <!-- basicOfTestNG -->
        <test-method signature="basicOfTestNG1()[pri:0, instance:mavendemo.TestNGExample@2aa3cd93]" started-at="2024-05-03T00:58:29 IST" name="basicOfTestNG1" finished-at="2024-05-03T00:58:41 IST" duration-ms="12384" status="PASS">
          <reporter-output>
          </reporter-output>
        </test-method> <!-- basicOfTestNG1 -->
      </class> <!-- mavendemo.TestNGExample -->
    </test> <!-- Surefire test -->
  </suite> <!-- Surefire suite -->
</testng-results>
